c:\users\aa\source\repos\kerneldriver\kerneldriver\x64\release\vc143.pdb
c:\users\aa\source\repos\kerneldriver\kerneldriver\x64\release\kerneldriver.obj
c:\users\aa\source\repos\kerneldriver\kerneldriver\x64\release\invoke.obj
c:\users\aa\source\repos\kerneldriver\kerneldriver\x64\release\events.obj
c:\users\aa\source\repos\kerneldriver\x64\release\kerneldriver\kerneldriver.cat
c:\users\aa\source\repos\kerneldriver\x64\release\kerneldriver.sys
c:\users\aa\source\repos\kerneldriver\x64\release\kerneldriver.pdb
c:\users\aa\source\repos\kerneldriver\kerneldriver\x64\release\kerneldriver.inf
c:\users\aa\source\repos\kerneldriver\x64\release\kerneldriver.cer
c:\users\aa\source\repos\kerneldriver\x64\release\kerneldriver.inf
c:\users\aa\source\repos\kerneldriver\kerneldriver\x64\release\kerneldriver.tlog\cl.command.1.tlog
c:\users\aa\source\repos\kerneldriver\kerneldriver\x64\release\kerneldriver.tlog\cl.items.tlog
c:\users\aa\source\repos\kerneldriver\kerneldriver\x64\release\kerneldriver.tlog\cl.read.1.tlog
c:\users\aa\source\repos\kerneldriver\kerneldriver\x64\release\kerneldriver.tlog\cl.write.1.tlog
c:\users\aa\source\repos\kerneldriver\kerneldriver\x64\release\kerneldriver.tlog\inf2cat-expand.5904.read.1.tlog
c:\users\aa\source\repos\kerneldriver\kerneldriver\x64\release\kerneldriver.tlog\inf2cat-expand.5904.write.1.tlog
c:\users\aa\source\repos\kerneldriver\kerneldriver\x64\release\kerneldriver.tlog\inf2cat-expand.read.1.tlog
c:\users\aa\source\repos\kerneldriver\kerneldriver\x64\release\kerneldriver.tlog\inf2cat-expand.write.1.tlog
c:\users\aa\source\repos\kerneldriver\kerneldriver\x64\release\kerneldriver.tlog\inf2cat.command.1.tlog
c:\users\aa\source\repos\kerneldriver\kerneldriver\x64\release\kerneldriver.tlog\inf2cat.read.1.tlog
c:\users\aa\source\repos\kerneldriver\kerneldriver\x64\release\kerneldriver.tlog\inf2cat.write.1.tlog
c:\users\aa\source\repos\kerneldriver\kerneldriver\x64\release\kerneldriver.tlog\link.command.1.tlog
c:\users\aa\source\repos\kerneldriver\kerneldriver\x64\release\kerneldriver.tlog\link.read.1.tlog
c:\users\aa\source\repos\kerneldriver\kerneldriver\x64\release\kerneldriver.tlog\link.secondary.1.tlog
c:\users\aa\source\repos\kerneldriver\kerneldriver\x64\release\kerneldriver.tlog\link.write.1.tlog
c:\users\aa\source\repos\kerneldriver\kerneldriver\x64\release\kerneldriver.tlog\signtool.command.1.tlog
c:\users\aa\source\repos\kerneldriver\kerneldriver\x64\release\kerneldriver.tlog\signtool.read.1.tlog
c:\users\aa\source\repos\kerneldriver\kerneldriver\x64\release\kerneldriver.tlog\signtool.timestamp.1.tlog
c:\users\aa\source\repos\kerneldriver\kerneldriver\x64\release\kerneldriver.tlog\signtool.write.1.tlog
c:\users\aa\source\repos\kerneldriver\kerneldriver\x64\release\kerneldriver.tlog\stampinf.command.1.tlog
c:\users\aa\source\repos\kerneldriver\kerneldriver\x64\release\kerneldriver.tlog\stampinf.read.1.tlog
c:\users\aa\source\repos\kerneldriver\kerneldriver\x64\release\kerneldriver.tlog\stampinf.write.1.tlog
